[INFO] 14-11-2022 19:38:25 [main] Log - Start Testing FinalProject
[INFO] 14-11-2022 19:38:34 [main] Log - loginFailWithEmailDoesNotExist test is starting...
[INFO] 14-11-2022 19:39:04 [main] Log - Verify displayed: By.xpath: //h1[normalize-space() = 'Login to your account.']
[INFO] 14-11-2022 19:39:10 [main] Log - Verify displayed: By.xpath: //span[@data-notify='message']
[INFO] 14-11-2022 19:39:10 [main] Log - loginFailWithEmailDoesNotExist is passed
[INFO] 14-11-2022 19:39:13 [main] Log - End TestingFinalProject
[INFO] 14-11-2022 19:44:27 [main] Log - Start Testing FinalProject
[INFO] 14-11-2022 19:44:36 [main] Log - loginFailWithNullEmail test is starting...
[INFO] 14-11-2022 19:45:02 [main] Log - Verify displayed: By.xpath: //h1[normalize-space() = 'Login to your account.']
[INFO] 14-11-2022 19:45:04 [main] Log - Verify equals: The email field is required when phone is not present.
[INFO] 14-11-2022 19:45:04 [main] Log - loginFailWithNullEmail is passed
[INFO] 14-11-2022 19:45:12 [main] Log - loginFailWithEmailDoesNotExist test is starting...
[INFO] 14-11-2022 19:45:35 [main] Log - Verify displayed: By.xpath: //h1[normalize-space() = 'Login to your account.']
[INFO] 14-11-2022 19:45:41 [main] Log - Verify displayed: By.xpath: //span[@data-notify='message']
[INFO] 14-11-2022 19:45:41 [main] Log - loginFailWithEmailDoesNotExist is passed
[INFO] 14-11-2022 19:45:50 [main] Log - loginFailWithNullPassword test is starting...
[INFO] 14-11-2022 19:46:15 [main] Log - Verify displayed: By.xpath: //h1[normalize-space() = 'Login to your account.']
[INFO] 14-11-2022 19:46:18 [main] Log - Verify displayed: By.xpath: //input[contains(@class, 'is-invalid') and @id = 'password']
[INFO] 14-11-2022 19:46:18 [main] Log - loginFailWithNullPassword is passed
[INFO] 14-11-2022 19:46:27 [main] Log - loginFailWithFailPassword test is starting...
[INFO] 14-11-2022 19:46:55 [main] Log - Verify displayed: By.xpath: //h1[normalize-space() = 'Login to your account.']
[ERROR] 14-11-2022 19:46:58 [main] Log - loginFailWithFailPassword is failed
[ERROR] 14-11-2022 19:46:59 [main] Log - Screenshot captured for test case: loginFailWithFailPassword
[INFO] 14-11-2022 19:47:01 [main] Log - loginSuccessWithCustomerAccount test is starting...
[INFO] 14-11-2022 19:47:01 [main] Log - End TestingFinalProject
[INFO] 14-11-2022 19:49:44 [main] Log - Start Testing FinalProject
[INFO] 14-11-2022 19:49:53 [main] Log - loginFailWithFailPassword test is starting...
[INFO] 14-11-2022 19:50:17 [main] Log - Verify displayed: By.xpath: //h1[normalize-space() = 'Login to your account.']
[ERROR] 14-11-2022 19:50:54 [main] Log - loginFailWithFailPassword is failed
[ERROR] 14-11-2022 19:50:54 [main] Log - Screenshot captured for test case: loginFailWithFailPassword
[INFO] 14-11-2022 19:50:57 [main] Log - End TestingFinalProject
[INFO] 14-11-2022 19:52:06 [main] Log - Start Testing FinalProject
[INFO] 14-11-2022 19:52:16 [main] Log - loginFailWithFailPassword test is starting...
[INFO] 14-11-2022 19:52:37 [main] Log - Verify displayed: By.xpath: //h1[normalize-space() = 'Login to your account.']
[INFO] 14-11-2022 19:52:43 [main] Log - Verify displayed: By.xpath: //span[@data-notify='message']
[INFO] 14-11-2022 19:52:43 [main] Log - loginFailWithFailPassword is passed
[INFO] 14-11-2022 19:52:46 [main] Log - End TestingFinalProject
[INFO] 14-11-2022 19:53:00 [main] Log - Start Testing FinalProject
[INFO] 14-11-2022 19:53:11 [main] Log - loginSuccessWithCustomerAccount test is starting...
[INFO] 14-11-2022 19:53:32 [main] Log - Verify displayed: By.xpath: //h1[normalize-space() = 'Login to your account.']
[ERROR] 14-11-2022 19:53:48 [main] Log - loginSuccessWithCustomerAccount is failed
[ERROR] 14-11-2022 19:53:48 [main] Log - Screenshot captured for test case: loginSuccessWithCustomerAccount
[INFO] 14-11-2022 19:53:51 [main] Log - End TestingFinalProject
[INFO] 14-11-2022 19:54:19 [main] Log - Start Testing FinalProject
[INFO] 14-11-2022 19:54:30 [main] Log - loginSuccessWithCustomerAccount test is starting...
[INFO] 14-11-2022 19:54:54 [main] Log - Verify displayed: By.xpath: //h1[normalize-space() = 'Login to your account.']
[INFO] 14-11-2022 19:54:59 [main] Log - Verify displayed: By.xpath: //h1[normalize-space()='Dashboard']
[INFO] 14-11-2022 19:54:59 [main] Log - loginSuccessWithCustomerAccount is passed
[INFO] 14-11-2022 19:55:01 [main] Log - End TestingFinalProject
[INFO] 14-11-2022 20:00:34 [main] Log - Start Testing Parallel Login Page
[INFO] 14-11-2022 20:00:50 [TestNG-test=Parallel Login Page-3] Log - loginFailWithNullPassword test is starting...
[INFO] 14-11-2022 20:00:50 [TestNG-test=Parallel Login Page-2] Log - loginFailWithEmailDoesNotExist test is starting...
[INFO] 14-11-2022 20:00:56 [TestNG-test=Parallel Login Page-4] Log - loginFailWithFailPassword test is starting...
[INFO] 14-11-2022 20:00:56 [TestNG-test=Parallel Login Page-5] Log - loginSuccessWithCustomerAccount test is starting...
[INFO] 14-11-2022 20:00:56 [TestNG-test=Parallel Login Page-1] Log - loginFailWithNullEmail test is starting...
[INFO] 14-11-2022 20:00:56 [main] Log - End TestingParallel Login Page
[INFO] 14-11-2022 20:04:31 [main] Log - Start Testing Parallel Login Page
[INFO] 14-11-2022 20:04:45 [TestNG-test=Parallel Login Page-4] Log - loginFailWithFailPassword test is starting...
[INFO] 14-11-2022 20:04:45 [TestNG-test=Parallel Login Page-3] Log - loginFailWithNullPassword test is starting...
[INFO] 14-11-2022 20:04:45 [TestNG-test=Parallel Login Page-1] Log - loginFailWithNullEmail test is starting...
[INFO] 14-11-2022 20:04:45 [TestNG-test=Parallel Login Page-5] Log - loginSuccessWithCustomerAccount test is starting...
[INFO] 14-11-2022 20:04:46 [TestNG-test=Parallel Login Page-2] Log - loginFailWithEmailDoesNotExist test is starting...
[ERROR] 14-11-2022 20:04:48 [TestNG-test=Parallel Login Page-1] Log - loginFailWithNullEmail is failed
[ERROR] 14-11-2022 20:04:49 [TestNG-test=Parallel Login Page-1] Log - Screenshot captured for test case: loginFailWithNullEmail
[ERROR] 14-11-2022 20:04:52 [TestNG-test=Parallel Login Page-4] Log - loginFailWithFailPassword is failed
[ERROR] 14-11-2022 20:04:52 [TestNG-test=Parallel Login Page-4] Log - Screenshot captured for test case: loginFailWithFailPassword
[INFO] 14-11-2022 20:06:05 [TestNG-test=Parallel Login Page-3] Log - Verify displayed: By.xpath: //h1[normalize-space() = 'Login to your account.']
[INFO] 14-11-2022 20:06:05 [TestNG-test=Parallel Login Page-5] Log - Verify displayed: By.xpath: //h1[normalize-space() = 'Login to your account.']
[INFO] 14-11-2022 20:06:12 [TestNG-test=Parallel Login Page-5] Log - Verify displayed: By.xpath: //h1[normalize-space()='Dashboard']
[INFO] 14-11-2022 20:06:12 [TestNG-test=Parallel Login Page-3] Log - Verify displayed: By.xpath: //input[contains(@class, 'is-invalid') and @id = 'password']
[INFO] 14-11-2022 20:06:12 [TestNG-test=Parallel Login Page-5] Log - loginSuccessWithCustomerAccount is passed
[INFO] 14-11-2022 20:06:13 [TestNG-test=Parallel Login Page-3] Log - loginFailWithNullPassword is passed
[INFO] 14-11-2022 20:06:13 [main] Log - End TestingParallel Login Page
[INFO] 15-11-2022 15:48:58 [main] Log - Start Testing Parallel Login Page
[INFO] 15-11-2022 15:49:09 [main] Log - loginFailWithNullEmail test is starting...
[INFO] 15-11-2022 15:49:32 [main] Log - Verify displayed: By.xpath: //h1[normalize-space() = 'Login to your account.']
[INFO] 15-11-2022 15:49:35 [main] Log - Verify equals: The email field is required when phone is not present.
[INFO] 15-11-2022 15:49:35 [main] Log - loginFailWithNullEmail is passed
[INFO] 15-11-2022 15:49:42 [main] Log - loginFailWithEmailDoesNotExist test is starting...
[INFO] 15-11-2022 15:50:08 [main] Log - Verify displayed: By.xpath: //h1[normalize-space() = 'Login to your account.']
[INFO] 15-11-2022 15:50:15 [main] Log - Verify displayed: By.xpath: //span[@data-notify='message']
[INFO] 15-11-2022 15:50:15 [main] Log - loginFailWithEmailDoesNotExist is passed
[INFO] 15-11-2022 15:50:24 [main] Log - loginFailWithNullPassword test is starting...
[INFO] 15-11-2022 15:50:52 [main] Log - Verify displayed: By.xpath: //h1[normalize-space() = 'Login to your account.']
[INFO] 15-11-2022 15:50:58 [main] Log - Verify displayed: By.xpath: //input[contains(@class, 'is-invalid') and @id = 'password']
[INFO] 15-11-2022 15:50:58 [main] Log - loginFailWithNullPassword is passed
[INFO] 15-11-2022 15:51:06 [main] Log - loginFailWithFailPassword test is starting...
[INFO] 15-11-2022 15:51:35 [main] Log - Verify displayed: By.xpath: //h1[normalize-space() = 'Login to your account.']
[ERROR] 15-11-2022 15:51:38 [main] Log - loginFailWithFailPassword is failed
[ERROR] 15-11-2022 15:51:39 [main] Log - Screenshot captured for test case: loginFailWithFailPassword
[INFO] 15-11-2022 15:51:41 [main] Log - loginSuccessWithCustomerAccount test is starting...
[INFO] 15-11-2022 15:51:41 [main] Log - End TestingParallel Login Page
[INFO] 15-11-2022 15:59:39 [main] Log - Start Testing Parallel Login Page
[INFO] 15-11-2022 15:59:46 [main] Log - loginFailWithNullEmail test is starting...
[INFO] 15-11-2022 16:00:09 [main] Log - Verify displayed: By.xpath: //h1[normalize-space() = 'Login to your account.']
[INFO] 15-11-2022 16:00:12 [main] Log - Verify equals: The email field is required when phone is not present.
[INFO] 15-11-2022 16:00:12 [main] Log - loginFailWithNullEmail is passed
[INFO] 15-11-2022 16:00:20 [main] Log - loginFailWithEmailDoesNotExist test is starting...
[ERROR] 15-11-2022 16:00:34 [main] Log - loginFailWithEmailDoesNotExist is failed
[ERROR] 15-11-2022 16:00:34 [main] Log - Screenshot captured for test case: loginFailWithEmailDoesNotExist
[INFO] 15-11-2022 16:00:37 [main] Log - loginFailWithNullPassword test is starting...
[INFO] 15-11-2022 16:00:37 [main] Log - loginFailWithFailPassword test is starting...
[INFO] 15-11-2022 16:00:37 [main] Log - loginSuccessWithCustomerAccount test is starting...
[INFO] 15-11-2022 16:00:37 [main] Log - End TestingParallel Login Page
